0 info it worked if it ends with ok
1 verbose cli [ '/usr/local/bin/node',
1 verbose cli   '/usr/local/bin/npm',
1 verbose cli   'run',
1 verbose cli   'install-selenium-server' ]
2 info using npm@3.10.10
3 info using node@v6.10.2
4 verbose run-script [ 'preinstall-selenium-server',
4 verbose run-script   'install-selenium-server',
4 verbose run-script   'postinstall-selenium-server' ]
5 info lifecycle lunch-and-learn-grunt-testing-angular@0.0.1~preinstall-selenium-server: lunch-and-learn-grunt-testing-angular@0.0.1
6 silly lifecycle lunch-and-learn-grunt-testing-angular@0.0.1~preinstall-selenium-server: no script for preinstall-selenium-server, continuing
7 info lifecycle lunch-and-learn-grunt-testing-angular@0.0.1~install-selenium-server: lunch-and-learn-grunt-testing-angular@0.0.1
8 verbose lifecycle lunch-and-learn-grunt-testing-angular@0.0.1~install-selenium-server: unsafe-perm in lifecycle true
9 verbose lifecycle lunch-and-learn-grunt-testing-angular@0.0.1~install-selenium-server: PATH: /usr/local/lib/node_modules/npm/bin/node-gyp-bin:/Users/bpeterse/Dropbox/Development/github/lunch-and-learn-grunt-testing-angular/node_modules/.bin:/Users/bpeterse/.gvm/pkgsets/go1.8.3/global/bin:/Users/bpeterse/.gvm/gos/go1.8.3/bin:/Users/bpeterse/.gvm/pkgsets/go1.8.3/global/overlay/bin:/Users/bpeterse/.gvm/bin:/Users/bpeterse/.gvm/bin:/usr/local/opt/coreutils/libexec/gnubin:/usr/local/bin:/usr/bin:/bin:/usr/sbin:/sbin:/usr/local/MacGPG2/bin:/Users/bpeterse/go/bin:/Users/bpeterse/go/src/github.com/openshift/origin/_output/local/bin/darwin/amd64
10 verbose lifecycle lunch-and-learn-grunt-testing-angular@0.0.1~install-selenium-server: CWD: /Users/bpeterse/Dropbox/Development/github/lunch-and-learn-grunt-testing-angular
11 silly lifecycle lunch-and-learn-grunt-testing-angular@0.0.1~install-selenium-server: Args: [ '-c',
11 silly lifecycle   './node_modules/grunt-protractor-runner/scripts/webdriver-manager-update' ]
12 silly lifecycle lunch-and-learn-grunt-testing-angular@0.0.1~install-selenium-server: Returned: code: 126  signal: null
13 info lifecycle lunch-and-learn-grunt-testing-angular@0.0.1~install-selenium-server: Failed to exec install-selenium-server script
14 verbose stack Error: lunch-and-learn-grunt-testing-angular@0.0.1 install-selenium-server: `./node_modules/grunt-protractor-runner/scripts/webdriver-manager-update`
14 verbose stack Exit status 126
14 verbose stack     at EventEmitter.<anonymous> (/usr/local/lib/node_modules/npm/lib/utils/lifecycle.js:255:16)
14 verbose stack     at emitTwo (events.js:106:13)
14 verbose stack     at EventEmitter.emit (events.js:191:7)
14 verbose stack     at ChildProcess.<anonymous> (/usr/local/lib/node_modules/npm/lib/utils/spawn.js:40:14)
14 verbose stack     at emitTwo (events.js:106:13)
14 verbose stack     at ChildProcess.emit (events.js:191:7)
14 verbose stack     at maybeClose (internal/child_process.js:886:16)
14 verbose stack     at Process.ChildProcess._handle.onexit (internal/child_process.js:226:5)
15 verbose pkgid lunch-and-learn-grunt-testing-angular@0.0.1
16 verbose cwd /Users/bpeterse/Dropbox/Development/github/lunch-and-learn-grunt-testing-angular
17 error Darwin 15.6.0
18 error argv "/usr/local/bin/node" "/usr/local/bin/npm" "run" "install-selenium-server"
19 error node v6.10.2
20 error npm  v3.10.10
21 error code ELIFECYCLE
22 error lunch-and-learn-grunt-testing-angular@0.0.1 install-selenium-server: `./node_modules/grunt-protractor-runner/scripts/webdriver-manager-update`
22 error Exit status 126
23 error Failed at the lunch-and-learn-grunt-testing-angular@0.0.1 install-selenium-server script './node_modules/grunt-protractor-runner/scripts/webdriver-manager-update'.
23 error Make sure you have the latest version of node.js and npm installed.
23 error If you do, this is most likely a problem with the lunch-and-learn-grunt-testing-angular package,
23 error not with npm itself.
23 error Tell the author that this fails on your system:
23 error     ./node_modules/grunt-protractor-runner/scripts/webdriver-manager-update
23 error You can get information on how to open an issue for this project with:
23 error     npm bugs lunch-and-learn-grunt-testing-angular
23 error Or if that isn't available, you can get their info via:
23 error     npm owner ls lunch-and-learn-grunt-testing-angular
23 error There is likely additional logging output above.
24 verbose exit [ 1, true ]
